{"width": 80, "height": 24, "version": 2, "timestamp": 1528729033, "env": {"TERM": "xterm-256color", "SHELL": "/bin/bash"}}
[0.051752, "o", "\u001b]0;catfish@ubuntu: ~/proj/roomfs\u0007\u001b[01;32mcatfish@ubuntu\u001b[00m:\u001b[01;34m~/proj/roomfs\u001b[00m$ "]
[1.692253, "o", "."]
[1.766173, "o", "/"]
[2.019529, "o", "r"]
[2.121955, "o", "o"]
[2.24741, "o", "o"]
[2.3704, "o", "m"]
[2.85519, "o", "f"]
[2.951441, "o", "s"]
[3.161756, "o", " "]
[3.557954, "o", "-"]
[3.805329, "o", "o"]
[4.529287, "o", " "]
[4.818348, "o", "-"]
[4.973677, "o", "-"]
[5.157284, "o", "p"]
[5.271136, "o", "a"]
[5.400314, "o", "t"]
[5.495825, "o", "h"]
[5.810838, "o", "="]
[7.301051, "o", "."]
[7.396144, "o", "/"]
[7.791322, "o", "r"]
[7.868574, "o", "e"]
[7.994065, "o", "s"]
[8.275684, "o", "/"]
[8.533907, "o", "b"]
[8.633718, "o", "a"]
[8.769491, "o", "t"]
[8.913081, "o", "t"]
[9.012681, "o", "l"]
[9.151491, "o", "e"]
[9.385553, "o", "."]
[9.570369, "o", "c"]
[9.658799, "o", "o"]
[9.73415, "o", "n"]
[9.81321, "o", "f"]
[10.790677, "o", " "]
[11.254756, "o", "m"]
[11.363573, "o", "o"]
[11.439374, "o", "u"]
[11.639081, "o", "n"]
[11.812588, "o", "t"]
[12.341389, "o", "d"]
[12.455283, "o", "i"]
[12.54967, "o", "r"]
[12.838352, "o", " "]
[13.018076, "o", ">"]
[13.277334, "o", "n"]
[13.462414, "o", "u"]
[13.53721, "o", "l \r"]
[13.715345, "o", "l"]
[14.27974, "o", "\r\n"]
[14.400271, "o", "\u001b]0;catfish@ubuntu: ~/proj/roomfs\u0007\u001b[01;32mcatfish@ubuntu\u001b[00m:\u001b[01;34m~/proj/roomfs\u001b[00m$ "]
[16.015836, "o", "c"]
[16.161978, "o", "d"]
[16.250794, "o", " "]
[16.320277, "o", "m"]
[16.390143, "o", "o"]
[16.492566, "o", "untdir/"]
[16.756078, "o", "\r\n"]
[16.756822, "o", "\u001b]0;catfish@ubuntu: ~/proj/roomfs/mountdir\u0007\u001b[01;32mcatfish@ubuntu\u001b[00m:\u001b[01;34m~/proj/roomfs/mountdir\u001b[00m$ "]
[18.053958, "o", "."]
[18.105975, "o", "/"]
[18.328289, "o", "l"]
[18.53295, "o", "o"]
[18.662399, "o", "o"]
[18.726222, "o", "k"]
[18.974926, "o", " "]
[20.615227, "o", "\b\u001b[K"]
[21.114979, "o", "\b\u001b[K"]
[21.145645, "o", "\b\u001b[K"]
[21.179846, "o", "\b\u001b[K"]
[21.209795, "o", "\b\u001b[K"]
[21.239779, "o", "\b\u001b[K"]
[21.269208, "o", "\b\u001b[K"]
[21.29929, "o", "\u0007"]
[21.330144, "o", "\u0007"]
[21.653948, "o", "l"]
[21.762841, "o", "s"]
[21.905644, "o", "\r\n"]
[21.907498, "o", "\u001b[0m\u001b[01;32mGreenSlime\u001b[0m  \u001b[34;42minventory\u001b[0m  \u001b[01;32mlook\u001b[0m  \u001b[01;32mstatus\u001b[0m\r\n"]
[21.908493, "o", "\u001b]0;catfish@ubuntu: ~/proj/roomfs/mountdir\u0007\u001b[01;32mcatfish@ubuntu\u001b[00m:\u001b[01;34m~/proj/roomfs/mountdir\u001b[00m$ "]
[22.907732, "o", "."]
[22.959465, "o", "/"]
[23.165876, "o", "l"]
[23.356196, "o", "o"]
[23.525245, "o", "k"]
[24.095828, "o", "\b\u001b[K"]
[24.289515, "o", "o"]
[24.402529, "o", "k"]
[24.572139, "o", " "]
[24.695573, "o", "s"]
[24.825453, "o", "t"]
[24.900007, "o", "a"]
[24.985485, "o", "t"]
[25.119828, "o", "u"]
[25.183837, "o", "s"]
[25.384352, "o", "\r\n"]
[25.389249, "o", "Your HP: 100 \r\nYour MP: 100 \r\nYour ATK: 20 \r\nYour DEF: 5 \r\n\r\n"]
[25.390564, "o", "\u001b]0;catfish@ubuntu: ~/proj/roomfs/mountdir\u0007\u001b[01;32mcatfish@ubuntu\u001b[00m:\u001b[01;34m~/proj/roomfs/mountdir\u001b[00m$ "]
[26.835708, "o", "."]
[26.901875, "o", "/"]
[27.110528, "o", "l"]
[27.312091, "o", "o"]
[27.504412, "o", "o"]
[27.610162, "o", "k"]
[27.898378, "o", " "]
[28.216182, "o", "G"]
[28.470741, "o", "r"]
[28.556539, "o", "e"]
[28.796027, "o", "\u0007"]
[29.427088, "o", "e"]
[29.597521, "o", "\u0007"]
[30.14168, "o", "n"]
[30.653966, "o", "S"]
[30.920433, "o", "lime "]
[31.331863, "o", "\r\n"]
[31.338123, "o", "A little green slime. Seems totally harmless. \r\nHP: 20 \r\nATK: 1000 \r\nDEF: 1\r\n\r\n"]
[31.339016, "o", "\u001b]0;catfish@ubuntu: ~/proj/roomfs/mountdir\u0007\u001b[01;32mcatfish@ubuntu\u001b[00m:\u001b[01;34m~/proj/roomfs/mountdir\u001b[00m$ "]
[33.554207, "o", "c"]
[33.726841, "o", "d"]
[33.824919, "o", " "]
[33.930339, "o", "i"]
[34.010559, "o", "n"]
[34.084742, "o", "ventory/"]
[34.355402, "o", "\r\n"]
[34.35649, "o", "\u001b]0;catfish@ubuntu: ~/proj/roomfs/mountdir/inventory\u0007\u001b[01;32mcatfish@ubuntu\u001b[00m:\u001b[01;34m~/proj/roomfs/mountdir/inventory\u001b[00m$ "]
[35.056394, "o", "."]
[35.235717, "o", "/"]
[35.867513, "o", "\b\u001b[K"]
[36.036548, "o", "\b\u001b[K"]
[36.605874, "o", "l"]
[36.675518, "o", "s"]
[36.781399, "o", "\r\n"]
[36.782917, "o", "\u001b[0m\u001b[01;32mAttack\u001b[0m  \u001b[01;32mBluePotion\u001b[0m  \u001b[01;32mcheck\u001b[0m  \u001b[01;32mMageAttack\u001b[0m  \u001b[01;32mRedPotion\u001b[0m\r\n"]
[36.784008, "o", "\u001b]0;catfish@ubuntu: ~/proj/roomfs/mountdir/inventory\u0007\u001b[01;32mcatfish@ubuntu\u001b[00m:\u001b[01;34m~/proj/roomfs/mountdir/inventory\u001b[00m$ "]
[38.314868, "o", "."]
[38.379197, "o", "/"]
[38.598107, "o", "c"]
[38.674847, "o", "h"]
[38.798132, "o", "e"]
[38.963143, "o", "ck "]
[39.978823, "o", "R"]
[40.053018, "o", "E"]
[40.33385, "o", "\u0007"]
[41.015844, "o", "\b\u001b[K"]
[41.130261, "o", "e"]
[41.304791, "o", "d"]
[41.718231, "o", "P"]
[41.918952, "o", "otion "]
[42.261637, "o", "\r\n"]
[42.266555, "o", "A red potion. Using it will heal 50 HP. You have 3 left."]
[42.267951, "o", "\r\n"]
[42.269065, "o", "\r\n"]
[42.271443, "o", "\u001b]0;catfish@ubuntu: ~/proj/roomfs/mountdir/inventory\u0007\u001b[01;32mcatfish@ubuntu\u001b[00m:\u001b[01;34m~/proj/roomfs/mountdir/inventory\u001b[00m$ "]
[44.611236, "o", "."]
[44.679363, "o", "/"]
[44.947379, "o", "r"]
[45.001781, "o", "e"]
[45.133634, "o", "\u0007"]
[45.542003, "o", "\b\u001b[K"]
[45.675477, "o", "\b\u001b[K"]
[45.815193, "o", "R"]
[45.995911, "o", "e"]
[46.170634, "o", "dPotion "]
[47.186691, "o", "."]
[47.35059, "o", "."]
[47.745189, "o", "\b\u001b[K"]
[47.849257, "o", "\b\u001b[K"]
[48.153545, "o", ">"]
[48.312908, "o", " "]
[48.44118, "o", "."]
[48.581999, "o", "."]
[48.643272, "o", "/"]
[49.269627, "o", "s"]
[49.42052, "o", "t"]
[49.528014, "o", "a"]
[49.758238, "o", "t"]
[49.90923, "o", "u"]
[50.009467, "o", "s"]
[50.242962, "o", "\r\n"]
[50.247772, "o", "\u001b]0;catfish@ubuntu: ~/proj/roomfs/mountdir/inventory\u0007\u001b[01;32mcatfish@ubuntu\u001b[00m:\u001b[01;34m~/proj/roomfs/mountdir/inventory\u001b[00m$ "]
[52.381134, "o", "./RedPotion > ../status"]
[52.522123, "o", "\b\b\b\b\b\b\b\b\b\b\b\b\b\b\b\b\b\b\b\b\b\u001b[5Pcheck RedPotion "]
[53.141913, "o", "\r\n"]
[53.147605, "o", "A red potion. Using it will heal 50 HP. You have 2 left."]
[53.150776, "o", "\r\n"]
[53.151502, "o", "\r\n"]
[53.153538, "o", "\u001b]0;catfish@ubuntu: ~/proj/roomfs/mountdir/inventory\u0007\u001b[01;32mcatfish@ubuntu\u001b[00m:\u001b[01;34m~/proj/roomfs/mountdir/inventory\u001b[00m$ "]
[56.055541, "o", "c"]
[56.402935, "o", "\b\u001b[K"]
[56.677038, "o", "."]
[56.798862, "o", "/"]
[57.062579, "o", "h"]
[57.385314, "o", "\b\u001b[K"]
[57.484829, "o", "c"]
[57.590651, "o", "h"]
[57.679791, "o", "e"]
[57.858519, "o", "ck "]
[58.460355, "o", "M"]
[58.652407, "o", "a"]
[58.777276, "o", "g"]
[58.872592, "o", "e"]
[59.322304, "o", "Attack "]
[59.802289, "o", "\r\n"]
[59.806332, "o", "Cast a magic attack with fireball. THe attack ignores the monster's defense, "]
[59.806801, "o", "\r\n"]
[59.807139, "o", "and the monster can't fight back. "]
[59.807986, "o", "\r\n"]
[59.80842, "o", "costs: 20 MP "]
[59.808709, "o", "\r\n"]
[59.809168, "o", "damage: 2x atk"]
[59.809353, "o", "\r\n"]
[59.809581, "o", "\r\n"]
[59.811406, "o", "\u001b]0;catfish@ubuntu: ~/proj/roomfs/mountdir/inventory\u0007\u001b[01;32mcatfish@ubuntu\u001b[00m:\u001b[01;34m~/proj/roomfs/mountdir/inventory\u001b[00m$ "]
[61.894109, "o", "c"]
[62.068141, "o", "d"]
[62.163023, "o", " "]
[62.346745, "o", "."]
[62.470055, "o", "."]
[62.545146, "o", "/"]
[62.746902, "o", "\r\n"]
[62.747639, "o", "\u001b]0;catfish@ubuntu: ~/proj/roomfs/mountdir\u0007\u001b[01;32mcatfish@ubuntu\u001b[00m:\u001b[01;34m~/proj/roomfs/mountdir\u001b[00m$ "]
[65.76656, "o", "."]
[65.859715, "o", "/"]
[66.063272, "o", "l"]
[66.257611, "o", "o"]
[66.402827, "o", "o"]
[66.450362, "o", "k"]
[66.665806, "o", " "]
[66.788912, "o", "s"]
[67.014667, "o", "t"]
[67.177955, "o", "a"]
[67.317224, "o", "t"]
[67.542357, "o", "u"]
[67.816375, "o", "s"]
[67.95781, "o", "\r\n"]
[67.964029, "o", "Your HP: 150 "]
[67.965575, "o", "\r\n"]
[67.965885, "o", "Your MP: 100 "]
[67.966088, "o", "\r\n"]
[67.966279, "o", "Your ATK: 20 "]
[67.966469, "o", "\r\n"]
[67.966688, "o", "Your DEF: 5 "]
[67.966951, "o", "\r\n"]
[67.967279, "o", "\r\n"]
[67.96917, "o", "\u001b]0;catfish@ubuntu: ~/proj/roomfs/mountdir\u0007\u001b[01;32mcatfish@ubuntu\u001b[00m:\u001b[01;34m~/proj/roomfs/mountdir\u001b[00m$ "]
[70.042905, "o", "."]
[70.108252, "o", "/"]
[70.336971, "o", "i"]
[70.442145, "o", "n"]
[70.571907, "o", "ventory/"]
[71.49795, "o", "M"]
[71.712331, "o", "a"]
[71.91175, "o", "geAttack "]
[72.494416, "o", ">"]
[72.903624, "o", " "]
[73.146573, "o", "G"]
[73.346372, "o", "r"]
[73.410762, "o", "e"]
[73.586864, "o", "enSlime "]
[74.64396, "o", "\r\n"]
[74.648814, "o", "\u001b]0;catfish@ubuntu: ~/proj/roomfs/mountdir\u0007\u001b[01;32mcatfish@ubuntu\u001b[00m:\u001b[01;34m~/proj/roomfs/mountdir\u001b[00m$ "]
[76.639397, "o", "."]
[76.694817, "o", "/"]
[76.897731, "o", "l"]
[77.062336, "o", "o"]
[77.230179, "o", "k"]
[77.739517, "o", "\b\u001b[K"]
[77.915638, "o", "o"]
[78.005261, "o", "k"]
[78.183862, "o", " "]
[78.417166, "o", "G"]
[78.600535, "o", "r"]
[78.679094, "o", "e"]
[78.833028, "o", "\u0007"]
[79.092232, "o", "\r\n"]
[79.200781, "o", "bash: Gre: 没有那个文件或目录\r\n"]
[79.205521, "o", "\u001b]0;catfish@ubuntu: ~/proj/roomfs/mountdir\u0007\u001b[01;32mcatfish@ubuntu\u001b[00m:\u001b[01;34m~/proj/roomfs/mountdir\u001b[00m$ "]
[79.903173, "o", "./look Gre"]
[80.216053, "o", "e"]
[80.461175, "o", "n"]
[81.007402, "o", "S"]
[81.253763, "o", "lime "]
[81.74209, "o", "\r\n"]
[81.748875, "o", "A little green slime. Seems totally harmless. \r\nHP: -20 \r\nATK: 1000 \r\nDEF: 1\r\n\r\n"]
[81.751633, "o", "\u001b]0;catfish@ubuntu: ~/proj/roomfs/mountdir\u0007\u001b[01;32mcatfish@ubuntu\u001b[00m:\u001b[01;34m~/proj/roomfs/mountdir\u001b[00m$ "]
[83.404689, "o", "l"]
[83.495117, "o", "s"]
[83.634914, "o", "\r\n"]
[83.65161, "o", "\u001b[0m\u001b[34;42minventory\u001b[0m  \u001b[34;42mLevel2\u001b[0m  \u001b[01;32mlook\u001b[0m  \u001b[01;32mstatus\u001b[0m\r\n"]
[83.652325, "o", "\u001b]0;catfish@ubuntu: ~/proj/roomfs/mountdir\u0007\u001b[01;32mcatfish@ubuntu\u001b[00m:\u001b[01;34m~/proj/roomfs/mountdir\u001b[00m$ "]
[84.626493, "o", "c"]
[84.794322, "o", "d"]
[84.884466, "o", " "]
[85.137516, "o", "L"]
[85.416208, "o", "e"]
[85.589023, "o", "vel2/"]
[85.986337, "o", "\r\n"]
[85.986928, "o", "\u001b]0;catfish@ubuntu: ~/proj/roomfs/mountdir/Level2\u0007\u001b[01;32mcatfish@ubuntu\u001b[00m:\u001b[01;34m~/proj/roomfs/mountdir/Level2\u001b[00m$ "]
[87.564072, "o", "."]
[88.375298, "o", "\b\u001b[K"]
[89.586598, "o", "exit\r\n"]
