{"timestamp": 1528730269, "height": 24, "env": {"TERM": "xterm-256color", "SHELL": "/bin/bash"}, "width": 80, "version": 2}
[0.048398, "o", "\u001b]0;catfish@ubuntu: ~/proj/roomfs\u0007\u001b[01;32mcatfish@ubuntu\u001b[00m:\u001b[01;34m~/proj/roomfs\u001b[00m$ "]
[0.67039, "o", "."]
[0.727811, "o", "/"]
[0.960862, "o", "r"]
[1.05239, "o", "o"]
[1.18348, "o", "omfs "]
[2.354802, "o", "-"]
[2.681648, "o", "o"]
[3.206295, "o", " "]
[3.590472, "o", "-"]
[3.768248, "o", "-"]
[3.967829, "o", "p"]
[4.092393, "o", "a"]
[4.208245, "o", "t"]
[4.282573, "o", "h"]
[4.489777, "o", "="]
[5.018444, "o", "."]
[5.099069, "o", "/"]
[5.287781, "o", "r"]
[5.362704, "o", "e"]
[5.497518, "o", "s"]
[5.687022, "o", "/"]
[6.599088, "o", "d"]
[6.743286, "o", "e"]
[6.832777, "o", "m"]
[6.892954, "o", "o"]
[7.096723, "o", "."]
[7.257312, "o", "c"]
[7.360672, "o", "o"]
[7.437099, "o", "n"]
[7.480512, "o", "f"]
[8.14847, "o", " "]
[8.477381, "o", "m"]
[8.526013, "o", "o"]
[8.646933, "o", "u"]
[8.745414, "o", "t"]
[9.549718, "o", "\b\u001b[K"]
[9.721522, "o", "n"]
[9.831065, "o", "t"]
[10.427866, "o", "d"]
[10.512986, "o", "i"]
[10.562819, "o", "r"]
[10.84335, "o", " "]
[11.181973, "o", ">"]
[11.275719, "o", " "]
[11.430582, "o", "n"]
[11.624561, "o", "u"]
[11.735235, "o", "l"]
[11.883957, "o", "l \r"]
[12.132153, "o", "\u001b[A\r\n"]
[12.241666, "o", "\u001b]0;catfish@ubuntu: ~/proj/roomfs\u0007\u001b[01;32mcatfish@ubuntu\u001b[00m:\u001b[01;34m~/proj/roomfs\u001b[00m$ "]
[12.725574, "o", "c"]
[12.886156, "o", "d"]
[12.975091, "o", " "]
[13.059707, "o", "m"]
[13.143935, "o", "o"]
[13.197888, "o", "untdir/"]
[13.439529, "o", "\r\n"]
[13.440586, "o", "\u001b]0;catfish@ubuntu: ~/proj/roomfs/mountdir\u0007\u001b[01;32mcatfish@ubuntu\u001b[00m:\u001b[01;34m~/proj/roomfs/mountdir\u001b[00m$ "]
[14.613493, "o", "l"]
[14.703557, "o", "s"]
[14.83433, "o", "\r\n"]
[14.837195, "o", "\u001b[0m\u001b[34;42minventory\u001b[0m  \u001b[01;32mlook\u001b[0m  \u001b[34;42m书房\u001b[0m  \u001b[34;42m庭院\u001b[0m  \u001b[01;32m卧室门\u001b[0m\r\n"]
[14.83803, "o", "\u001b]0;catfish@ubuntu: ~/proj/roomfs/mountdir\u0007\u001b[01;32mcatfish@ubuntu\u001b[00m:\u001b[01;34m~/proj/roomfs/mountdir\u001b[00m$ "]
[15.396391, "o", "."]
[15.466081, "o", "/"]
[15.738669, "o", "l"]
[15.923543, "o", "o"]
[16.072397, "o", "o"]
[16.232053, "o", "k"]
[16.638619, "o", "\r\n"]
[16.643393, "o", "你正站在一间装饰豪华的客厅里。\r\n你记得自己被一封匿名的邀请函引导到了这个荒山野岭里的别墅，那封信中写着：委托的主人将在这间宅子的客厅中等候。不过，显然这里没有任何人。\r\n客厅的正中央放着一张显眼的招待桌，桌上放满了各种点心，还有一杯红酒。与这些赠礼一同摆在桌上的，还有一张纸条。\r\n纸条上写着：“我已命不久矣，却还未能找到能够继承我财产之人。作为一个除了出题与解谜之外没什么爱好的老头子，我想在最后任性一次。这个宅子里的某个地方，存放着我隐藏了一生的秘密。如果你能找到那个房间，我就把所有的财产托付给你吧。” \r\n作为一名私家侦探，对这种挑战自然是胸有成竹。你看了看客厅四周，那里零散地分布着几扇门，门牌上分别写着：”书房“，”卧室“，”厨房“，”庭院“。\r\n\r\n"]
[16.6445, "o", "\u001b]0;catfish@ubuntu: ~/proj/roomfs/mountdir\u0007\u001b[01;32mcatfish@ubuntu\u001b[00m:\u001b[01;34m~/proj/roomfs/mountdir\u001b[00m$ "]
[17.612723, "o", "c"]
[17.791729, "o", "d"]
[17.93725, "o", " "]
[18.969638, "o", "书房"]
[19.83116, "o", "\r\n"]
[19.831925, "o", "\u001b]0;catfish@ubuntu: ~/proj/roomfs/mountdir/书房\u0007\u001b[01;32mcatfish@ubuntu\u001b[00m:\u001b[01;34m~/proj/roomfs/mountdir/书房\u001b[00m$ "]
[21.632103, "o", "l"]
[21.796993, "o", "s"]
[22.224901, "o", "\b\u001b[K"]
[22.538027, "o", "\b\u001b[K"]
[22.877303, "o", "."]
[22.947201, "o", "/"]
[23.126204, "o", "l"]
[23.286529, "o", "o"]
[23.392261, "o", "ok "]
[23.6471, "o", "\r\n"]
[23.652573, "o", "你在一间满是书橱的小房间里。书桌上堆满了种种书籍——似乎大部分是推理小说，从阿加莎克里斯蒂到岛田庄司无所不有，看上去都已经被翻阅了很多次。\r\n虽然这里也空无一人，但明显感觉到不久前这里还有人居住着，因为桌上喝到一半的咖啡还有着余温。 \r\n在重重书橱的深处，有一个不易看到的小门，门牌上写着“藏书室”。\r\n\r\n"]
[23.653614, "o", "\u001b]0;catfish@ubuntu: ~/proj/roomfs/mountdir/书房\u0007\u001b[01;32mcatfish@ubuntu\u001b[00m:\u001b[01;34m~/proj/roomfs/mountdir/书房\u001b[00m$ "]
[24.800856, "o", "c"]
[24.969299, "o", "d"]
[25.457494, "o", " "]
[26.538415, "o", "藏"]
[26.668426, "o", "书室/"]
[27.528439, "o", "\r\n\u001b]0;catfish@ubuntu: ~/proj/roomfs/mountdir/书房/藏书室\u0007\u001b[01;32mcatfish@ubuntu\u001b[00m:\u001b[01;34m~/proj/roomfs/mountdir/书房/藏书室\u001b[00m$ "]
[28.337813, "o", "."]
[28.397759, "o", "/"]
[28.626439, "o", "l"]
[28.820827, "o", "o"]
[28.97102, "o", "o"]
[29.022639, "o", "k"]
[29.266894, "o", "\r\n"]
[29.26985, "o", "房间里满是灰尘与旧书的气味，地上整齐地堆着很多旧书。借着昏暗的光线，你看到房间的墙壁上用荧光笔写着一行字：\r\n“uif qbttxpse jt BMQIBCFU” \r\n这意味着什么呢？\r\n\r\n"]
[29.271706, "o", "\u001b]0;catfish@ubuntu: ~/proj/roomfs/mountdir/书房/藏书室\u0007\u001b[01;32mcatfish@ubuntu\u001b[00m:\u001b[01;34m~/proj/roomfs/mountdir/书房/藏书室\u001b[00m$ "]
[30.71433, "o", "c"]
[30.933637, "o", "d"]
[31.07327, "o", " "]
[31.282233, "o", "."]
[31.432528, "o", "."]
[31.472244, "o", "/"]
[31.746417, "o", "."]
[31.880058, "o", "."]
[31.925878, "o", "/"]
[32.115983, "o", "\r\n"]
[32.116615, "o", "\u001b]0;catfish@ubuntu: ~/proj/roomfs/mountdir\u0007\u001b[01;32mcatfish@ubuntu\u001b[00m:\u001b[01;34m~/proj/roomfs/mountdir\u001b[00m$ "]
[32.527876, "o", "c"]
[32.686565, "o", "d"]
[32.801383, "o", " "]
[34.446527, "o", "庭院"]
[34.65135, "o", "\r\n"]
[34.652401, "o", "\u001b]0;catfish@ubuntu: ~/proj/roomfs/mountdir/庭院\u0007\u001b[01;32mcatfish@ubuntu\u001b[00m:\u001b[01;34m~/proj/roomfs/mountdir/庭院\u001b[00m$ "]
[35.870619, "o", "."]
[35.940036, "o", "/"]
[36.144, "o", "l"]
[36.343449, "o", "o"]
[36.443364, "o", "o"]
[36.907547, "o", "k"]
[37.139331, "o", "\r\n"]
[37.14432, "o", "似乎是这间宅子的庭院。花圃看上去曾经颇具规模却荒废已久，看上去宅子的主人对这些毫不关心。\r\n院子里的石桌石椅都已落满灰尘，但一旁的木制长椅却维护得很不错。\r\n\r\n"]
[37.148714, "o", "\u001b]0;catfish@ubuntu: ~/proj/roomfs/mountdir/庭院\u0007\u001b[01;32mcatfish@ubuntu\u001b[00m:\u001b[01;34m~/proj/roomfs/mountdir/庭院\u001b[00m$ "]
[37.937392, "o", "."]
[38.007938, "o", "/"]
[38.229332, "o", "l"]
[38.46605, "o", "o"]
[38.615336, "o", "o"]
[38.670095, "o", "k"]
[38.959707, "o", " "]
[40.129996, "o", "长椅"]
[40.336108, "o", "\r\n"]
[40.342937, "o", "你调查了长椅，在长椅扶手的里侧发现了一个巧妙隐藏着的开关。 \r\n你拨动了开关，身后的宅子里似乎传来了某种摩擦声。 \r\n与此同时，开关似乎被某种机械固定住，无法再拨动了。\r\n\r\n"]
[40.345089, "o", "\u001b]0;catfish@ubuntu: ~/proj/roomfs/mountdir/庭院\u0007\u001b[01;32mcatfish@ubuntu\u001b[00m:\u001b[01;34m~/proj/roomfs/mountdir/庭院\u001b[00m$ "]
[41.548447, "o", "./look 长椅"]
[41.785642, "o", "\r\n"]
[41.79172, "o", "长椅除了已经卡死的开关，没有值得注意的地方了。"]
[41.792078, "o", "\r\n"]
[41.79237, "o", "\r\n"]
[41.793899, "o", "\u001b]0;catfish@ubuntu: ~/proj/roomfs/mountdir/庭院\u0007\u001b[01;32mcatfish@ubuntu\u001b[00m:\u001b[01;34m~/proj/roomfs/mountdir/庭院\u001b[00m$ "]
[42.845615, "o", "c"]
[43.094252, "o", "d"]
[43.213259, "o", " "]
[43.402984, "o", "."]
[43.526485, "o", "."]
[43.593572, "o", "/"]
[43.977451, "o", "\r\n"]
[43.978021, "o", "\u001b]0;catfish@ubuntu: ~/proj/roomfs/mountdir\u0007\u001b[01;32mcatfish@ubuntu\u001b[00m:\u001b[01;34m~/proj/roomfs/mountdir\u001b[00m$ "]
[44.952672, "o", "c"]
[45.117077, "o", "d"]
[45.217118, "o", " "]
[46.456735, "o", "书房"]
[46.572838, "o", "/"]
[47.629625, "o", "\r\n"]
[47.630105, "o", "\u001b]0;catfish@ubuntu: ~/proj/roomfs/mountdir/书房\u0007\u001b[01;32mcatfish@ubuntu\u001b[00m:\u001b[01;34m~/proj/roomfs/mountdir/书房\u001b[00m$ "]
[48.11036, "o", "l"]
[48.110705, "o", "s"]
[48.779846, "o", "\r\n"]
[48.781467, "o", "\u001b[0m\u001b[34;42minventory\u001b[0m  \u001b[01;32mlook\u001b[0m  \u001b[34;42m藏书室\u001b[0m  \u001b[34;42m藏书室-里\u001b[0m\r\n"]
[48.782718, "o", "\u001b]0;catfish@ubuntu: ~/proj/roomfs/mountdir/书房\u0007\u001b[01;32mcatfish@ubuntu\u001b[00m:\u001b[01;34m~/proj/roomfs/mountdir/书房\u001b[00m$ "]
[50.606693, "o", "c"]
[50.77226, "o", "d"]
[50.900454, "o", " "]
[51.95057, "o", "藏"]
[52.090595, "o", "\u0007书室"]
[53.352759, "o", "\b\b\u001b[K"]
[53.487305, "o", "\b\b\u001b[K"]
[53.570974, "o", "\b\b\u001b[K"]
[53.700527, "o", "\b\u001b[K"]
[54.01945, "o", "\b\u001b[K"]
[54.138168, "o", "\b\u001b[K"]
[54.437351, "o", "。"]
[54.512851, "o", "/"]
[55.104468, "o", "\b\u001b[K"]
[55.229531, "o", "\b\b\u001b[K"]
[55.743245, "o", "."]
[55.822822, "o", "/"]
[56.037126, "o", "l"]
[56.200789, "o", "o"]
[56.504295, "o", "o"]
[56.714259, "o", "k"]
[56.941184, "o", "\r\n"]
[56.946658, "o", "你在一间满是书橱的小房间里。书桌上堆满了种种书籍——似乎大部分是推理小说，从阿加莎克里斯蒂到岛田庄司无所不有，看上去都已经被翻阅了很多次。"]
[56.947276, "o", "\r\n"]
[56.947774, "o", "虽然这里也空无一人，但明显感觉到不久前这里还有人居住着，因为桌上喝到一半的咖啡还有着余温。 "]
[56.948171, "o", "\r\n"]
[56.948557, "o", "在重重书橱的深处，有一个不易看到的小门，门牌上写着“藏书室”。 "]
[56.948893, "o", "\r\n"]
[56.949172, "o", "而藏书室旁，有一个书橱移开了，露出了背后的另一扇门。"]
[56.94969, "o", "\r\n"]
[56.950055, "o", "\r\n"]
[56.951629, "o", "\u001b]0;catfish@ubuntu: ~/proj/roomfs/mountdir/书房\u0007\u001b[01;32mcatfish@ubuntu\u001b[00m:\u001b[01;34m~/proj/roomfs/mountdir/书房\u001b[00m$ "]
[57.685013, "o", "c"]
[57.903919, "o", "d"]
[58.197791, "o", " "]
[59.173313, "o", "藏"]
[59.363367, "o", "\u0007书室"]
[59.92291, "o", "-"]
[60.256968, "o", "里/"]
[60.611196, "o", "\r\n"]
[60.61228, "o", "\u001b]0;catfish@ubuntu: ~/proj/roomfs/mountdir/书房/藏书室-里\u0007\u001b[01;32mcatfish@ubuntu\u001b[00m:\u001b[01;34m~/proj/roomfs/mountdir/书房/藏书室-里\u001b[00m$ "]
[62.045176, "o", "."]
[62.124911, "o", "/"]
[62.398098, "o", "l"]
[62.636716, "o", "o"]
[62.796791, "o", "o"]
[62.915286, "o", "k"]
[63.288987, "o", " "]
[63.483169, "o", "z"]
[64.040919, "o", "\b\u001b[K"]
[64.200088, "o", "\b\u001b[K"]
[64.701408, "o", "\b\u001b[K"]
[64.734348, "o", "\b\u001b[K"]
[64.765877, "o", "\b\u001b[K"]
[64.796686, "o", "\b\u001b[K"]
[64.829561, "o", "\b\u001b[K"]
[64.860906, "o", "\b\u001b[K"]
[64.895574, "o", "\u0007"]
[64.925749, "o", "\u0007"]
[64.957039, "o", "\u0007"]
[64.988599, "o", "\u0007"]
[65.019955, "o", "\u0007"]
[65.053277, "o", "\u0007"]
[65.272662, "o", "l"]
[65.382419, "o", "s"]
[65.633955, "o", "\r\n"]
[65.635042, "o", "\u001b[0m\u001b[34;42minventory\u001b[0m  \u001b[01;32mlook\u001b[0m  \u001b[01;32m字母密码锁\u001b[0m\r\n"]
[65.636058, "o", "\u001b]0;catfish@ubuntu: ~/proj/roomfs/mountdir/书房/藏书室-里\u0007\u001b[01;32mcatfish@ubuntu\u001b[00m:\u001b[01;34m~/proj/roomfs/mountdir/书房/藏书室-里\u001b[00m$ "]
[66.940118, "o", "."]
[66.997525, "o", "/"]
[67.220303, "o", "l"]
[67.409285, "o", "o"]
[67.553362, "o", "o"]
[67.623823, "o", "k"]
[68.134025, "o", "\r\n"]
[68.137876, "o", "另一间堆着旧书的房间。房间的正中央放着一只长椅，椅子上摆着一个小盒子。似乎需要输入八位字母密码才能打开。"]
[68.138181, "o", "\r\n"]
[68.138453, "o", "\r\n"]
[68.140591, "o", "\u001b]0;catfish@ubuntu: ~/proj/roomfs/mountdir/书房/藏书室-里\u0007\u001b[01;32mcatfish@ubuntu\u001b[00m:\u001b[01;34m~/proj/roomfs/mountdir/书房/藏书室-里\u001b[00m$ "]
[68.823215, "o", "."]
[68.880591, "o", "/"]
[69.117095, "o", "l"]
[69.342295, "o", "o"]
[69.501541, "o", "o"]
[69.656194, "o", "k"]
[69.945234, "o", " "]
[70.903065, "o", "字"]
[71.031477, "o", "\u0007"]
[71.649628, "o", "\r\n字母密码锁\r\n"]
[71.649823, "o", "\u001b]0;catfish@ubuntu: ~/proj/roomfs/mountdir/书房/藏书室-里\u0007\u001b[01;32mcatfish@ubuntu\u001b[00m:\u001b[01;34m~/proj/roomfs/mountdir/书房/藏书室-里\u001b[00m$ ./look 字"]
[73.340974, "o", "母"]
[73.47397, "o", "密码锁 "]
[74.207378, "o", "\r\n"]
[74.213879, "o", "小盒子紧紧锁着，需要正确输入八位大写字母密码才能打开。\r\n\r\n"]
[74.216053, "o", "\u001b]0;catfish@ubuntu: ~/proj/roomfs/mountdir/书房/藏书室-里\u0007\u001b[01;32mcatfish@ubuntu\u001b[00m:\u001b[01;34m~/proj/roomfs/mountdir/书房/藏书室-里\u001b[00m$ "]
[76.721668, "o", "e"]
[76.934701, "o", "c"]
[77.0044, "o", "h"]
[77.075097, "o", "o"]
[77.249108, "o", " "]
[77.51703, "o", "\""]
[77.64163, "o", "\""]
[77.894655, "o", "\b"]
[78.195933, "o", "A\"\b"]
[78.301298, "o", "L\"\b"]
[78.47594, "o", "P\"\b"]
[78.566101, "o", "H\"\b"]
[78.634472, "o", "A\"\b"]
[78.849763, "o", "B\"\b"]
[78.998687, "o", "E\"\b"]
[79.093905, "o", "T\"\b"]
[79.428874, "o", "\u001b[C"]
[79.585402, "o", " "]
[79.769851, "o", ">"]
[80.027969, "o", " "]
[81.510632, "o", "字"]
[81.620796, "o", "母密码锁\r锁 "]
[82.1478, "o", "\r\n"]
[82.149375, "o", "\u001b]0;catfish@ubuntu: ~/proj/roomfs/mountdir/书房/藏书室-里\u0007\u001b[01;32mcatfish@ubuntu\u001b[00m:\u001b[01;34m~/proj/roomfs/mountdir/书房/藏书室-里\u001b[00m$ "]
[83.214455, "o", "echo \"ALPHABET\" > 字母密码锁\r锁 "]
[83.345548, "o", "\u001b[A\r\u001b]0;catfish@ubuntu: ~/proj/roomfs/mountdir/书房/藏书室-里\u0007\u001b[01;32mcatfish@ubuntu\u001b[00m:\u001b[01;34m~/proj/roomfs/mountdir/书房/藏书室-里\u001b[00m$ \u001b[8P./look 字母密码锁 \r\n\r\u001b[K\u001b[A\u001b[C\u001b[C\u001b[C\u001b[C\u001b[C\u001b[C\u001b[C\u001b[C\u001b[C\u001b[C\u001b[C\u001b[C\u001b[C\u001b[C\u001b[C\u001b[C\u001b[C\u001b[C\u001b[C\u001b[C\u001b[C\u001b[C\u001b[C\u001b[C\u001b[C\u001b[C\u001b[C\u001b[C\u001b[C\u001b[C\u001b[C\u001b[C\u001b[C\u001b[C\u001b[C\u001b[C\u001b[C\u001b[C\u001b[C\u001b[C\u001b[C\u001b[C\u001b[C\u001b[C\u001b[C\u001b[C\u001b[C\u001b[C\u001b[C\u001b[C\u001b[C\u001b[C\u001b[C\u001b[C\u001b[C\u001b[C\u001b[C\u001b[C\u001b[C\u001b[C\u001b[C\u001b[C\u001b[C\u001b[C\u001b[C\u001b[C\u001b[C\u001b[C\u001b[C\u001b[C\u001b[C\u001b[C"]
[83.845942, "o", "\r\n"]
[83.851839, "o", "随着一声轻响，盒子打开了。其中躺着一把淡蓝色的钥匙。你捡起了钥匙，放在了口袋里。\r\n\r\n"]
[83.853814, "o", "\u001b]0;catfish@ubuntu: ~/proj/roomfs/mountdir/书房/藏书室-里\u0007\u001b[01;32mcatfish@ubuntu\u001b[00m:\u001b[01;34m~/proj/roomfs/mountdir/书房/藏书室-里\u001b[00m$ "]
[85.137411, "o", "./look 字母密码锁 "]
[85.289394, "o", "\b\b\b\b\b\b\b\b\b\b\b\b\b\b\b\b\b\becho \"ALPHABET\" > 字母密码锁\r锁 "]
[86.105222, "o", "\u001b[A\r\u001b]0;catfish@ubuntu: ~/proj/roomfs/mountdir/书房/藏书室-里\u0007\u001b[01;32mcatfish@ubuntu\u001b[00m:\u001b[01;34m~/proj/roomfs/mountdir/书房/藏书室-里\u001b[00m$ \u001b[8P./look 字母密码锁 "]
[86.105927, "o", "\r\n"]
[86.10652, "o", "\r\u001b[K\u001b[A\u001b[C\u001b[C\u001b[C\u001b[C\u001b[C\u001b[C\u001b[C\u001b[C\u001b[C\u001b[C\u001b[C\u001b[C\u001b[C\u001b[C\u001b[C\u001b[C\u001b[C\u001b[C\u001b[C\u001b[C\u001b[C\u001b[C\u001b[C\u001b[C\u001b[C\u001b[C\u001b[C\u001b[C\u001b[C\u001b[C\u001b[C\u001b[C\u001b[C\u001b[C\u001b[C\u001b[C\u001b[C\u001b[C\u001b[C\u001b[C\u001b[C\u001b[C\u001b[C\u001b[C\u001b[C\u001b[C\u001b[C\u001b[C\u001b[C\u001b[C\u001b[C\u001b[C\u001b[C\u001b[C\u001b[C\u001b[C\u001b[C\u001b[C\u001b[C\u001b[C\u001b[C\u001b[C\u001b[C\u001b[C\u001b[C\u001b[C\u001b[C\u001b[C\u001b[C\u001b[C\u001b[C\u001b[C"]
[86.84506, "o", "\r\n"]
[86.849582, "o", "盒子已经空了。\r\n\r\n"]
[86.851265, "o", "\u001b]0;catfish@ubuntu: ~/proj/roomfs/mountdir/书房/藏书室-里\u0007\u001b[01;32mcatfish@ubuntu\u001b[00m:\u001b[01;34m~/proj/roomfs/mountdir/书房/藏书室-里\u001b[00m$ "]
[88.576361, "o", "l"]
[88.927631, "o", "s"]
[89.050147, "o", " "]
[89.169512, "o", "i"]
[89.231274, "o", "n"]
[89.334586, "o", "ventory/"]
[89.55949, "o", "\r\n"]
[89.563294, "o", "\u001b[0m\u001b[01;32mcheck\u001b[0m  \u001b[01;32m淡蓝色钥匙\u001b[0m"]
[89.564955, "o", "\r\n"]
[89.567571, "o", "\u001b]0;catfish@ubuntu: ~/proj/roomfs/mountdir/书房/藏书室-里\u0007\u001b[01;32mcatfish@ubuntu\u001b[00m:\u001b[01;34m~/proj/roomfs/mountdir/书房/藏书室-里\u001b[00m$ "]
[90.315055, "o", "c"]
[90.484092, "o", "d"]
[91.022524, "o", "\b\u001b[K"]
[91.600024, "o", "d"]
[91.77479, "o", " "]
[92.27244, "o", "i"]
[92.318938, "o", "n"]
[92.413566, "o", "ventory/"]
[92.643382, "o", "\r\n"]
[92.644747, "o", "\u001b]0;catfish@ubuntu: ~/proj/roomfs/mountdir/书房/藏书室-里/inventory\u0007\u001b[01;32mcatfish@ubuntu\u001b[00m:\u001b[01;34m~/proj/roomfs/mountdir/书房/藏书室-里/inventory\u001b[00m$ "]
[93.120396, "o", "."]
[93.204612, "o", "/"]
[93.38382, "o", "c"]
[93.474256, "o", "h"]
[93.592783, "o", "e"]
[93.782665, "o", "c"]
[94.022708, "o", "k "]
[95.7516, "o", "淡"]
[95.914959, "o", "蓝色钥匙\r匙 "]
[96.474728, "o", "\r\n"]
[96.480075, "o", "一把小巧的淡蓝色钥匙。\r\n\r\n"]
[96.481356, "o", "\u001b]0;catfish@ubuntu: ~/proj/roomfs/mountdir/书房/藏书室-里/inventory\u0007\u001b[01;32mcatfish@ubuntu\u001b[00m:\u001b[01;34m~/proj/roomfs/mountdir/书房/藏书室-里/inventory\u001b[00m$ "]
[98.397254, "o", "c"]
[98.570732, "o", "d"]
[98.660903, "o", " "]
[98.774339, "o", "."]
[98.893003, "o", "."]
[98.968467, "o", "/"]
[99.202108, "o", "."]
[99.342494, "o", "."]
[99.387937, "o", "/"]
[99.608024, "o", "\r\n"]
[99.609435, "o", "\u001b]0;catfish@ubuntu: ~/proj/roomfs/mountdir/书房\u0007\u001b[01;32mcatfish@ubuntu\u001b[00m:\u001b[01;34m~/proj/roomfs/mountdir/书房\u001b[00m$ "]
[99.920069, "o", "c"]
[100.069355, "o", "d"]
[100.17386, "o", " "]
[100.274371, "o", "."]
[100.39808, "o", "."]
[100.483308, "o", "/"]
[100.848521, "o", "\r\n"]
[100.849537, "o", "\u001b]0;catfish@ubuntu: ~/proj/roomfs/mountdir\u0007\u001b[01;32mcatfish@ubuntu\u001b[00m:\u001b[01;34m~/proj/roomfs/mountdir\u001b[00m$ "]
[101.916734, "o", "l"]
[102.211003, "o", "\b\u001b[K"]
[102.451242, "o", "."]
[102.515231, "o", "/"]
[102.714147, "o", "l"]
[102.965163, "o", "ook "]
[105.353293, "o", "卧室"]
[106.131777, "o", "门"]
[106.328459, "o", "\r\n"]
[106.33413, "o", "这是一扇淡蓝色的门，门框上写着主人的名字。你拧了拧把手，发现门紧紧锁着。\r\n\r\n"]
[106.335634, "o", "\u001b]0;catfish@ubuntu: ~/proj/roomfs/mountdir\u0007\u001b[01;32mcatfish@ubuntu\u001b[00m:\u001b[01;34m~/proj/roomfs/mountdir\u001b[00m$ "]
[108.756888, "o", "."]
[108.89205, "o", "/"]
[109.146523, "o", "i"]
[109.232657, "o", "n"]
[109.338088, "o", "ventory/"]
[111.901669, "o", "淡"]
[112.005403, "o", "蓝色钥匙 "]
[113.017771, "o", ">"]
[113.227293, "o", " "]
[113.501133, "o", "w"]
[113.610481, "o", "o"]
[113.919097, "o", "\b\u001b[K"]
[114.044347, "o", "\b\u001b[K"]
[115.807797, "o", "卧室"]
[116.540218, "o", "门"]
[116.725473, "o", "\r\n"]
[116.730083, "o", "\u001b]0;catfish@ubuntu: ~/proj/roomfs/mountdir\u0007\u001b[01;32mcatfish@ubuntu\u001b[00m:\u001b[01;34m~/proj/roomfs/mountdir\u001b[00m$ "]
[118.252791, "o", "./inventory/淡蓝色钥匙 > 卧室门"]
[118.401578, "o", "\b\b\b\b\b\b\b\b\b\b\b\b\b\b\b\b\b\b\b\b\b\b\b\b\b\b\b\b\b\u001b[18Plook\u001b[C\u001b[C\u001b[C\u001b[C\u001b[C\u001b[C\u001b[C"]
[118.917395, "o", "\r\n"]
[118.92275, "o", "你把钥匙插进锁孔，门打开了。\r\n\r\n"]
[118.92349, "o", "\u001b]0;catfish@ubuntu: ~/proj/roomfs/mountdir\u0007\u001b[01;32mcatfish@ubuntu\u001b[00m:\u001b[01;34m~/proj/roomfs/mountdir\u001b[00m$ "]
[121.64073, "o", "l"]
[121.755316, "o", "s"]
[121.937369, "o", "\r\n"]
[121.938612, "o", "\u001b[0m\u001b[34;42minventory\u001b[0m  \u001b[01;32mlook\u001b[0m  \u001b[34;42m书房\u001b[0m  \u001b[34;42m庭院\u001b[0m  \u001b[34;42m卧室\u001b[0m\r\n\u001b]0;catfish@ubuntu: ~/proj/roomfs/mountdir\u0007\u001b[01;32mcatfish@ubuntu\u001b[00m:\u001b[01;34m~/proj/roomfs/mountdir\u001b[00m$ "]
[122.347585, "o", "c"]
[122.512872, "o", "d"]
[122.723323, "o", " "]
[124.255097, "o", "卧室"]
[124.372258, "o", "\r\n"]
[124.37298, "o", "\u001b]0;catfish@ubuntu: ~/proj/roomfs/mountdir/卧室\u0007\u001b[01;32mcatfish@ubuntu\u001b[00m:\u001b[01;34m~/proj/roomfs/mountdir/卧室\u001b[00m$ "]
[125.719697, "o", "."]
[125.770452, "o", "/"]
[125.979568, "o", "l"]
[126.193411, "o", "o"]
[126.343129, "o", "o"]
[126.417254, "o", "k"]
[126.678984, "o", "\r\n"]
[126.683183, "o", "这个demo暂时做到这里。"]
[126.6835, "o", "\r\n"]
[126.683697, "o", "\r\n"]
[126.684872, "o", "\u001b]0;catfish@ubuntu: ~/proj/roomfs/mountdir/卧室\u0007\u001b[01;32mcatfish@ubuntu\u001b[00m:\u001b[01;34m~/proj/roomfs/mountdir/卧室\u001b[00m$ "]
[128.09708, "o", "exit\r\n"]
